#
# There is insufficient memory for the Java Runtime Environment to continue.
# Native memory allocation (malloc) failed to allocate 967536 bytes for Chunk::new
# Possible reasons:
#   The system is out of physical RAM or swap space
#   In 32 bit mode, the process size limit was hit
# Possible solutions:
#   Reduce memory load on the system
#   Increase physical memory or swap space
#   Check if swap backing store is full
#   Use 64 bit Java on a 64 bit OS
#   Decrease Java heap size (-Xmx/-Xms)
#   Decrease number of Java threads
#   Decrease Java thread stack sizes (-Xss)
#   Set larger code cache with -XX:ReservedCodeCacheSize=
# This output file may be truncated or incomplete.
#
#  Out of Memory Error (allocation.cpp:390), pid=5572, tid=2904
#
# JRE version: Java(TM) SE Runtime Environment (8.0_31-b13) (build 1.8.0_31-b13)
# Java VM: Java HotSpot(TM) 64-Bit Server VM (25.31-b07 mixed mode windows-amd64 compressed oops)
# Failed to write core dump. Minidumps are not enabled by default on client versions of Windows
#

---------------  T H R E A D  ---------------

Current thread (0x0000000014a8c800):  JavaThread "C2 CompilerThread0" daemon [_thread_in_native, id=2904, stack(0x0000000015fe0000,0x00000000160e0000)]

Stack: [0x0000000015fe0000,0x00000000160e0000]
Native frames: (J=compiled Java code, j=interpreted, Vv=VM code, C=native code)
V  [jvm.dll+0x3169ba]
V  [jvm.dll+0x2674c3]
V  [jvm.dll+0x268103]
V  [jvm.dll+0x25f8f5]
V  [jvm.dll+0xbf025]
V  [jvm.dll+0xbf4cc]
V  [jvm.dll+0x45df82]
V  [jvm.dll+0x49f21f]
V  [jvm.dll+0x453401]
V  [jvm.dll+0x454124]
V  [jvm.dll+0x437c62]
V  [jvm.dll+0x988e2]
V  [jvm.dll+0x990d3]
V  [jvm.dll+0x22c194]
V  [jvm.dll+0x28576a]
C  [msvcr100.dll+0x21d9f]
C  [msvcr100.dll+0x21e3b]
C  [KERNEL32.DLL+0x18102]
C  [ntdll.dll+0x5c5b4]


Current CompileTask:
C2:   6177 2688       4       com.android.dx.dex.file.DebugInfoEncoder::emitHeader (530 bytes)


---------------  P R O C E S S  ---------------

Java Threads: ( => current thread )
  0x0000000014aeb000 JavaThread "Service Thread" daemon [_thread_blocked, id=9784, stack(0x00000000162e0000,0x00000000163e0000)]
  0x0000000014a93000 JavaThread "C1 CompilerThread2" daemon [_thread_in_native, id=4028, stack(0x00000000161e0000,0x00000000162e0000)]
  0x0000000014a8f800 JavaThread "C2 CompilerThread1" daemon [_thread_in_native, id=7256, stack(0x00000000160e0000,0x00000000161e0000)]
=>0x0000000014a8c800 JavaThread "C2 CompilerThread0" daemon [_thread_in_native, id=2904, stack(0x0000000015fe0000,0x00000000160e0000)]
  0x0000000014a8b000 JavaThread "Attach Listener" daemon [_thread_blocked, id=6576, stack(0x0000000015ee0000,0x0000000015fe0000)]
  0x0000000014a8a000 JavaThread "Signal Dispatcher" daemon [_thread_blocked, id=8844, stack(0x0000000015de0000,0x0000000015ee0000)]
  0x00000000023af000 JavaThread "Finalizer" daemon [_thread_blocked, id=8036, stack(0x0000000015ce0000,0x0000000015de0000)]
  0x00000000023ac000 JavaThread "Reference Handler" daemon [_thread_blocked, id=7484, stack(0x0000000015be0000,0x0000000015ce0000)]
  0x000000000200d800 JavaThread "main" [_thread_in_Java, id=8204, stack(0x0000000002010000,0x0000000002110000)]

Other Threads:
  0x0000000014a57000 VMThread [stack: 0x0000000015ae0000,0x0000000015be0000] [id=9708]
  0x0000000014aee000 WatcherThread [stack: 0x00000000163e0000,0x00000000164e0000] [id=9900]

VM state:not at safepoint (normal execution)

VM Mutex/Monitor currently owned by a thread: None

Heap:
 PSYoungGen      total 288256K, used 103402K [0x00000000eab00000, 0x00000000fec00000, 0x0000000100000000)
  eden space 261632K, 29% used [0x00000000eab00000,0x00000000ef704bc0,0x00000000faa80000)
  from space 26624K, 96% used [0x00000000fc900000,0x00000000fe1f5d40,0x00000000fe300000)
  to   space 31232K, 0% used [0x00000000faa80000,0x00000000faa80000,0x00000000fc900000)
 ParOldGen       total 87552K, used 45087K [0x00000000c0000000, 0x00000000c5580000, 0x00000000eab00000)
  object space 87552K, 51% used [0x00000000c0000000,0x00000000c2c07cd0,0x00000000c5580000)
 Metaspace       used 6813K, capacity 7672K, committed 7936K, reserved 1056768K
  class space    used 628K, capacity 688K, committed 768K, reserved 1048576K

Card table byte_map: [0x0000000011780000,0x0000000011990000] byte_map_base: 0x0000000011180000

Marking Bits: (ParMarkBitMap*) 0x000000005bf9d4f0
 Begin Bits: [0x0000000011ef0000, 0x0000000012ef0000)
 End Bits:   [0x0000000012ef0000, 0x0000000013ef0000)

Polling page: 0x0000000000a10000

CodeCache: size=245760Kb used=11502Kb max_used=11502Kb free=234257Kb
 bounds [0x00000000023c0000, 0x0000000002f10000, 0x00000000113c0000]
 total_blobs=2943 nmethods=2677 adapters=179
 compilation: enabled

Compilation events (10 events):
Event: 6.150 Thread 0x0000000014a93000 2720       1       com.android.dx.dex.file.FieldIdItem::itemType (4 bytes)
Event: 6.150 Thread 0x0000000014a93000 nmethod 2720 0x0000000002efb1d0 code [0x0000000002efb320, 0x0000000002efb430]
Event: 6.150 Thread 0x0000000014a93000 2721       2       com.android.dx.dex.file.MethodIdItem::itemType (4 bytes)
Event: 6.150 Thread 0x0000000014a93000 nmethod 2721 0x0000000002efb490 code [0x0000000002efb5e0, 0x0000000002efb730]
Event: 6.151 Thread 0x0000000014a93000 2722       1       com.android.dx.dex.file.MethodIdItem::itemType (4 bytes)
Event: 6.151 Thread 0x0000000014a93000 nmethod 2722 0x0000000002efb7d0 code [0x0000000002efb920, 0x0000000002efba30]
Event: 6.152 Thread 0x0000000014a93000 2723       2       com.android.dx.dex.file.ClassDefItem::itemType (4 bytes)
Event: 6.152 Thread 0x0000000014a93000 nmethod 2723 0x0000000002efba90 code [0x0000000002efbbe0, 0x0000000002efbd30]
Event: 6.154 Thread 0x0000000014a93000 2724       1       com.android.dx.dex.file.TypeListItem::itemType (4 bytes)
Event: 6.154 Thread 0x0000000014a93000 nmethod 2724 0x0000000002efbdd0 code [0x0000000002efbf20, 0x0000000002efc030]

GC Heap History (10 events):
Event: 2.817 GC heap before
{Heap before GC invocations=2 (full 0):
 PSYoungGen      total 38400K, used 38376K [0x00000000eab00000, 0x00000000ef600000, 0x0000000100000000)
  eden space 33280K, 100% used [0x00000000eab00000,0x00000000ecb80000,0x00000000ecb80000)
  from space 5120K, 99% used [0x00000000ecb80000,0x00000000ed07a028,0x00000000ed080000)
  to   space 5120K, 0% used [0x00000000ef100000,0x00000000ef100000,0x00000000ef600000)
 ParOldGen       total 87552K, used 1265K [0x00000000c0000000, 0x00000000c5580000, 0x00000000eab00000)
  object space 87552K, 1% used [0x00000000c0000000,0x00000000c013c7f8,0x00000000c5580000)
 Metaspace       used 6085K, capacity 7088K, committed 7296K, reserved 1056768K
  class space    used 585K, capacity 616K, committed 640K, reserved 1048576K
Event: 2.925 GC heap after
Heap after GC invocations=2 (full 0):
 PSYoungGen      total 71680K, used 5110K [0x00000000eab00000, 0x00000000ef600000, 0x0000000100000000)
  eden space 66560K, 0% used [0x00000000eab00000,0x00000000eab00000,0x00000000eec00000)
  from space 5120K, 99% used [0x00000000ef100000,0x00000000ef5fd8d0,0x00000000ef600000)
  to   space 5120K, 0% used [0x00000000eec00000,0x00000000eec00000,0x00000000ef100000)
 ParOldGen       total 87552K, used 6005K [0x00000000c0000000, 0x00000000c5580000, 0x00000000eab00000)
  object space 87552K, 6% used [0x00000000c0000000,0x00000000c05dd7d0,0x00000000c5580000)
 Metaspace       used 6085K, capacity 7088K, committed 7296K, reserved 1056768K
  class space    used 585K, capacity 616K, committed 640K, reserved 1048576K
}
Event: 3.967 GC heap before
{Heap before GC invocations=3 (full 0):
 PSYoungGen      total 71680K, used 71670K [0x00000000eab00000, 0x00000000ef600000, 0x0000000100000000)
  eden space 66560K, 100% used [0x00000000eab00000,0x00000000eec00000,0x00000000eec00000)
  from space 5120K, 99% used [0x00000000ef100000,0x00000000ef5fd8d0,0x00000000ef600000)
  to   space 5120K, 0% used [0x00000000eec00000,0x00000000eec00000,0x00000000ef100000)
 ParOldGen       total 87552K, used 6005K [0x00000000c0000000, 0x00000000c5580000, 0x00000000eab00000)
  object space 87552K, 6% used [0x00000000c0000000,0x00000000c05dd7d0,0x00000000c5580000)
 Metaspace       used 6141K, capacity 7152K, committed 7296K, reserved 1056768K
  class space    used 585K, capacity 616K, committed 640K, reserved 1048576K
Event: 3.993 GC heap after
Heap after GC invocations=3 (full 0):
 PSYoungGen      total 71680K, used 5108K [0x00000000eab00000, 0x00000000f3700000, 0x0000000100000000)
  eden space 66560K, 0% used [0x00000000eab00000,0x00000000eab00000,0x00000000eec00000)
  from space 5120K, 99% used [0x00000000eec00000,0x00000000ef0fd290,0x00000000ef100000)
  to   space 5120K, 0% used [0x00000000f3200000,0x00000000f3200000,0x00000000f3700000)
 ParOldGen       total 87552K, used 15107K [0x00000000c0000000, 0x00000000c5580000, 0x00000000eab00000)
  object space 87552K, 17% used [0x00000000c0000000,0x00000000c0ec0da0,0x00000000c5580000)
 Metaspace       used 6141K, capacity 7152K, committed 7296K, reserved 1056768K
  class space    used 585K, capacity 616K, committed 640K, reserved 1048576K
}
Event: 4.143 GC heap before
{Heap before GC invocations=4 (full 0):
 PSYoungGen      total 71680K, used 71668K [0x00000000eab00000, 0x00000000f3700000, 0x0000000100000000)
  eden space 66560K, 100% used [0x00000000eab00000,0x00000000eec00000,0x00000000eec00000)
  from space 5120K, 99% used [0x00000000eec00000,0x00000000ef0fd290,0x00000000ef100000)
  to   space 5120K, 0% used [0x00000000f3200000,0x00000000f3200000,0x00000000f3700000)
 ParOldGen       total 87552K, used 15107K [0x00000000c0000000, 0x00000000c5580000, 0x00000000eab00000)
  object space 87552K, 17% used [0x00000000c0000000,0x00000000c0ec0da0,0x00000000c5580000)
 Metaspace       used 6203K, capacity 7152K, committed 7296K, reserved 1056768K
  class space    used 586K, capacity 616K, committed 640K, reserved 1048576K
Event: 4.160 GC heap after
Heap after GC invocations=4 (full 0):
 PSYoungGen      total 138240K, used 5094K [0x00000000eab00000, 0x00000000f3700000, 0x0000000100000000)
  eden space 133120K, 0% used [0x00000000eab00000,0x00000000eab00000,0x00000000f2d00000)
  from space 5120K, 99% used [0x00000000f3200000,0x00000000f36f9ac8,0x00000000f3700000)
  to   space 5120K, 0% used [0x00000000f2d00000,0x00000000f2d00000,0x00000000f3200000)
 ParOldGen       total 87552K, used 25060K [0x00000000c0000000, 0x00000000c5580000, 0x00000000eab00000)
  object space 87552K, 28% used [0x00000000c0000000,0x00000000c1879320,0x00000000c5580000)
 Metaspace       used 6203K, capacity 7152K, committed 7296K, reserved 1056768K
  class space    used 586K, capacity 616K, committed 640K, reserved 1048576K
}
Event: 4.693 GC heap before
{Heap before GC invocations=5 (full 0):
 PSYoungGen      total 138240K, used 138214K [0x00000000eab00000, 0x00000000f3700000, 0x0000000100000000)
  eden space 133120K, 100% used [0x00000000eab00000,0x00000000f2d00000,0x00000000f2d00000)
  from space 5120K, 99% used [0x00000000f3200000,0x00000000f36f9ac8,0x00000000f3700000)
  to   space 5120K, 0% used [0x00000000f2d00000,0x00000000f2d00000,0x00000000f3200000)
 ParOldGen       total 87552K, used 25060K [0x00000000c0000000, 0x00000000c5580000, 0x00000000eab00000)
  object space 87552K, 28% used [0x00000000c0000000,0x00000000c1879320,0x00000000c5580000)
 Metaspace       used 6330K, capacity 7220K, committed 7296K, reserved 1056768K
  class space    used 605K, capacity 620K, committed 640K, reserved 1048576K
Event: 4.723 GC heap after
Heap after GC invocations=5 (full 0):
 PSYoungGen      total 138240K, used 5101K [0x00000000eab00000, 0x00000000fe300000, 0x0000000100000000)
  eden space 133120K, 0% used [0x00000000eab00000,0x00000000eab00000,0x00000000f2d00000)
  from space 5120K, 99% used [0x00000000f2d00000,0x00000000f31fb700,0x00000000f3200000)
  to   space 26624K, 0% used [0x00000000fc900000,0x00000000fc900000,0x00000000fe300000)
 ParOldGen       total 87552K, used 45087K [0x00000000c0000000, 0x00000000c5580000, 0x00000000eab00000)
  object space 87552K, 51% used [0x00000000c0000000,0x00000000c2c07cd0,0x00000000c5580000)
 Metaspace       used 6330K, capacity 7220K, committed 7296K, reserved 1056768K
  class space    used 605K, capacity 620K, committed 640K, reserved 1048576K
}
Event: 5.091 GC heap before
{Heap before GC invocations=6 (full 0):
 PSYoungGen      total 138240K, used 138221K [0x00000000eab00000, 0x00000000fe300000, 0x0000000100000000)
  eden space 133120K, 100% used [0x00000000eab00000,0x00000000f2d00000,0x00000000f2d00000)
  from space 5120K, 99% used [0x00000000f2d00000,0x00000000f31fb700,0x00000000f3200000)
  to   space 26624K, 0% used [0x00000000fc900000,0x00000000fc900000,0x00000000fe300000)
 ParOldGen       total 87552K, used 45087K [0x00000000c0000000, 0x00000000c5580000, 0x00000000eab00000)
  object space 87552K, 51% used [0x00000000c0000000,0x00000000c2c07cd0,0x00000000c5580000)
 Metaspace       used 6349K, capacity 7220K, committed 7296K, reserved 1056768K
  class space    used 605K, capacity 620K, committed 640K, reserved 1048576K
Event: 5.123 GC heap after
Heap after GC invocations=6 (full 0):
 PSYoungGen      total 288256K, used 25559K [0x00000000eab00000, 0x00000000fec00000, 0x0000000100000000)
  eden space 261632K, 0% used [0x00000000eab00000,0x00000000eab00000,0x00000000faa80000)
  from space 26624K, 96% used [0x00000000fc900000,0x00000000fe1f5d40,0x00000000fe300000)
  to   space 31232K, 0% used [0x00000000faa80000,0x00000000faa80000,0x00000000fc900000)
 ParOldGen       total 87552K, used 45087K [0x00000000c0000000, 0x00000000c5580000, 0x00000000eab00000)
  object space 87552K, 51% used [0x00000000c0000000,0x00000000c2c07cd0,0x00000000c5580000)
 Metaspace       used 6349K, capacity 7220K, committed 7296K, reserved 1056768K
  class space    used 605K, capacity 620K, committed 640K, reserved 1048576K
}

Deoptimization events (10 events):
Event: 5.500 Thread 0x000000000200d800 Uncommon trap: reason=class_check action=maybe_recompile pc=0x00000000027d330c method=java.util.Arrays.equals([Ljava/lang/Object;[Ljava/lang/Object;)Z @ 62
Event: 5.500 Thread 0x000000000200d800 Uncommon trap: reason=speculate_class_check action=maybe_recompile pc=0x00000000027d6200 method=com.android.dx.util.FixedSizeList.equals(Ljava/lang/Object;)Z @ 25
Event: 5.500 Thread 0x000000000200d800 Uncommon trap: reason=speculate_class_check action=maybe_recompile pc=0x00000000027d6200 method=com.android.dx.util.FixedSizeList.equals(Ljava/lang/Object;)Z @ 25
Event: 5.500 Thread 0x000000000200d800 Uncommon trap: reason=class_check action=maybe_recompile pc=0x00000000027d330c method=java.util.Arrays.equals([Ljava/lang/Object;[Ljava/lang/Object;)Z @ 62
Event: 5.500 Thread 0x000000000200d800 Uncommon trap: reason=class_check action=maybe_recompile pc=0x00000000027d330c method=java.util.Arrays.equals([Ljava/lang/Object;[Ljava/lang/Object;)Z @ 62
Event: 6.011 Thread 0x000000000200d800 Uncommon trap: reason=class_check action=maybe_recompile pc=0x0000000002e8c00c method=com.android.dx.dex.file.MixedItemSection$1.compare(Ljava/lang/Object;Ljava/lang/Object;)I @ 2
Event: 6.011 Thread 0x000000000200d800 Uncommon trap: reason=class_check action=maybe_recompile pc=0x0000000002e8c00c method=com.android.dx.dex.file.MixedItemSection$1.compare(Ljava/lang/Object;Ljava/lang/Object;)I @ 2
Event: 6.011 Thread 0x000000000200d800 Uncommon trap: reason=class_check action=maybe_recompile pc=0x0000000002e8c00c method=com.android.dx.dex.file.MixedItemSection$1.compare(Ljava/lang/Object;Ljava/lang/Object;)I @ 2
Event: 6.011 Thread 0x000000000200d800 Uncommon trap: reason=class_check action=maybe_recompile pc=0x0000000002e8c00c method=com.android.dx.dex.file.MixedItemSection$1.compare(Ljava/lang/Object;Ljava/lang/Object;)I @ 2
Event: 6.069 Thread 0x000000000200d800 Uncommon trap: reason=predicate action=maybe_recompile pc=0x0000000002ece000 method=java.util.TimSort.countRunAndMakeAscending([Ljava/lang/Object;IILjava/util/Comparator;)I @ 98

Internal exceptions (10 events):
Event: 5.488 Thread 0x000000000200d800 Exception <a 'java/security/PrivilegedActionException'> (0x00000000edd98198) thrown at [C:\workspace\8-2-build-windows-amd64-cygwin\jdk8u31\2394\hotspot\src\share\vm\prims\jvm.cpp, line 1312]
Event: 5.499 Thread 0x000000000200d800 Exception <a 'java/security/PrivilegedActionException'> (0x00000000eddb82d0) thrown at [C:\workspace\8-2-build-windows-amd64-cygwin\jdk8u31\2394\hotspot\src\share\vm\prims\jvm.cpp, line 1312]
Event: 5.500 Thread 0x000000000200d800 Exception <a 'java/security/PrivilegedActionException'> (0x00000000eddbb458) thrown at [C:\workspace\8-2-build-windows-amd64-cygwin\jdk8u31\2394\hotspot\src\share\vm\prims\jvm.cpp, line 1312]
Event: 5.500 Thread 0x000000000200d800 Exception <a 'java/security/PrivilegedActionException'> (0x00000000eddbea68) thrown at [C:\workspace\8-2-build-windows-amd64-cygwin\jdk8u31\2394\hotspot\src\share\vm\prims\jvm.cpp, line 1312]
Event: 5.508 Thread 0x000000000200d800 Exception <a 'java/security/PrivilegedActionException'> (0x00000000edde7510) thrown at [C:\workspace\8-2-build-windows-amd64-cygwin\jdk8u31\2394\hotspot\src\share\vm\prims\jvm.cpp, line 1312]
Event: 6.014 Thread 0x000000000200d800 Exception <a 'java/security/PrivilegedActionException'> (0x00000000eeb07060) thrown at [C:\workspace\8-2-build-windows-amd64-cygwin\jdk8u31\2394\hotspot\src\share\vm\prims\jvm.cpp, line 1312]
Event: 6.015 Thread 0x000000000200d800 Exception <a 'java/security/PrivilegedActionException'> (0x00000000eeb12e88) thrown at [C:\workspace\8-2-build-windows-amd64-cygwin\jdk8u31\2394\hotspot\src\share\vm\prims\jvm.cpp, line 1312]
Event: 6.020 Thread 0x000000000200d800 Exception <a 'java/security/PrivilegedActionException'> (0x00000000eeb15c08) thrown at [C:\workspace\8-2-build-windows-amd64-cygwin\jdk8u31\2394\hotspot\src\share\vm\prims\jvm.cpp, line 1312]
Event: 6.111 Thread 0x000000000200d800 Exception <a 'java/security/PrivilegedActionException'> (0x00000000ef35e2d8) thrown at [C:\workspace\8-2-build-windows-amd64-cygwin\jdk8u31\2394\hotspot\src\share\vm\prims\jvm.cpp, line 1312]
Event: 6.146 Thread 0x000000000200d800 Exception <a 'java/security/PrivilegedActionException'> (0x00000000ef585850) thrown at [C:\workspace\8-2-build-windows-amd64-cygwin\jdk8u31\2394\hotspot\src\share\vm\prims\jvm.cpp, line 1312]

Events (10 events):
Event: 6.015 loading class com/android/dx/dex/file/DebugInfoEncoder$1 done
Event: 6.020 loading class com/android/dx/dex/file/DebugInfoEncoder$2
Event: 6.020 loading class com/android/dx/dex/file/DebugInfoEncoder$2 done
Event: 6.069 Thread 0x000000000200d800 Uncommon trap: trap_request=0xffffff86 fr.pc=0x0000000002ece000
Event: 6.069 Thread 0x000000000200d800 DEOPT PACKING pc=0x0000000002ece000 sp=0x000000000210ee60
Event: 6.069 Thread 0x000000000200d800 DEOPT UNPACKING pc=0x000000000240556a sp=0x000000000210ed88 mode 2
Event: 6.111 loading class com/android/dex/EncodedValueCodec
Event: 6.111 loading class com/android/dex/EncodedValueCodec done
Event: 6.146 loading class com/android/dx/dex/file/MapItem
Event: 6.146 loading class com/android/dx/dex/file/MapItem done


Dynamic libraries:
0x00007ff7b1cc0000 - 0x00007ff7b1cf4000 	C:\Program Files\Java\jdk1.8.0_31\bin\java.exe
0x00007ffdd07b0000 - 0x00007ffdd0971000 	C:\WINDOWS\SYSTEM32\ntdll.dll
0x00007ffdcea70000 - 0x00007ffdceb1d000 	C:\WINDOWS\system32\KERNEL32.DLL
0x00007ffdcd750000 - 0x00007ffdcd938000 	C:\WINDOWS\system32\KERNELBASE.dll
0x00007ffdceb20000 - 0x00007ffdcebc7000 	C:\WINDOWS\system32\ADVAPI32.dll
0x00007ffdce660000 - 0x00007ffdce6fd000 	C:\WINDOWS\system32\msvcrt.dll
0x00007ffdcdea0000 - 0x00007ffdcdefb000 	C:\WINDOWS\system32\sechost.dll
0x00007ffdce540000 - 0x00007ffdce65c000 	C:\WINDOWS\system32\RPCRT4.dll
0x00007ffdcdf00000 - 0x00007ffdce056000 	C:\WINDOWS\system32\USER32.dll
0x00007ffdcdcb0000 - 0x00007ffdcde36000 	C:\WINDOWS\system32\GDI32.dll
0x00007ffdc10f0000 - 0x00007ffdc1364000 	C:\WINDOWS\WinSxS\amd64_microsoft.windows.common-controls_6595b64144ccf1df_6.0.10586.494_none_a2d8b04ea53e3145\COMCTL32.dll
0x00007ffdd0530000 - 0x00007ffdd07ad000 	C:\WINDOWS\system32\combase.dll
0x00007ffdccea0000 - 0x00007ffdccf0a000 	C:\WINDOWS\system32\bcryptPrimitives.dll
0x00007ffdcebd0000 - 0x00007ffdcec0b000 	C:\WINDOWS\system32\IMM32.DLL
0x000000005b340000 - 0x000000005b412000 	C:\Program Files\Java\jdk1.8.0_31\jre\bin\msvcr100.dll
0x000000005b7c0000 - 0x000000005c01a000 	C:\Program Files\Java\jdk1.8.0_31\jre\bin\server\jvm.dll
0x00007ffdced80000 - 0x00007ffdced88000 	C:\WINDOWS\system32\PSAPI.DLL
0x00007ffdc1630000 - 0x00007ffdc1639000 	C:\WINDOWS\SYSTEM32\WSOCK32.dll
0x00007ffdcea00000 - 0x00007ffdcea6b000 	C:\WINDOWS\system32\WS2_32.dll
0x00007ffdcb4b0000 - 0x00007ffdcb4d3000 	C:\WINDOWS\SYSTEM32\WINMM.dll
0x00007ffdcb450000 - 0x00007ffdcb47c000 	C:\WINDOWS\SYSTEM32\WINMMBASE.dll
0x00007ffdcda00000 - 0x00007ffdcda43000 	C:\WINDOWS\system32\cfgmgr32.dll
0x000000005b7b0000 - 0x000000005b7bf000 	C:\Program Files\Java\jdk1.8.0_31\jre\bin\verify.dll
0x000000005b780000 - 0x000000005b7a8000 	C:\Program Files\Java\jdk1.8.0_31\jre\bin\java.dll
0x000000005b760000 - 0x000000005b776000 	C:\Program Files\Java\jdk1.8.0_31\jre\bin\zip.dll
0x00007ffdcee60000 - 0x00007ffdd03bc000 	C:\WINDOWS\system32\SHELL32.dll
0x00007ffdcd100000 - 0x00007ffdcd745000 	C:\WINDOWS\system32\windows.storage.dll
0x00007ffdcee00000 - 0x00007ffdcee52000 	C:\WINDOWS\system32\shlwapi.dll
0x00007ffdccde0000 - 0x00007ffdccdef000 	C:\WINDOWS\system32\kernel.appcore.dll
0x00007ffdcd940000 - 0x00007ffdcd9f5000 	C:\WINDOWS\system32\shcore.dll
0x00007ffdccdf0000 - 0x00007ffdcce3b000 	C:\WINDOWS\system32\powrprof.dll
0x00007ffdccdc0000 - 0x00007ffdccdd4000 	C:\WINDOWS\system32\profapi.dll
0x00007ffdb67e0000 - 0x00007ffdb696c000 	C:\WINDOWS\SYSTEM32\dbghelp.dll

VM Arguments:
jvm_args: -Djava.awt.headless=true -Xmx1024M -Dfile.encoding=windows-1251 -Duser.country=RU -Duser.language=ru -Duser.variant 
java_command: com.android.dx.command.Main --dex --force-jumbo --num-threads=4 --output D:\android\proj\toSumani\SulfurCalc\app\build\intermediates\pre-dexed\debug\com.android.support-support-v4-23.3.0_c1522fb5843a1ba8a3cc42f87b6f862f5ef5f596.jar D:\android\proj\toSumani\SulfurCalc\app\build\intermediates\exploded-aar\com.android.support\support-v4\23.3.0\jars\classes.jar
java_class_path (initial): C:\Users\andruy94\AppData\Local\Android\Sdk\build-tools\23.0.1\lib\dx.jar
Launcher Type: SUN_STANDARD

Environment Variables:
PATH=C:\ProgramData\Oracle\Java\javapath;C:\Program Files (x86)\Intel\iCLS Client\;C:\Program Files\Intel\iCLS Client\;C:\WINDOWS\system32;C:\WINDOWS;C:\WINDOWS\System32\Wbem;C:\WINDOWS\System32\WindowsPowerShell\v1.0\;C:\Program Files (x86)\AMD\ATI.ACE\Core-Static;C:\Program Files\Intel\Intel(R) Management Engine Components\DAL;C:\Program Files\Intel\Intel(R) Management Engine Components\IPT;C:\Program Files (x86)\Intel\Intel(R) Management Engine Components\DAL;C:\Program Files (x86)\Intel\Intel(R) Management Engine Components\IPT;C:\Program Files (x86)\Windows Kits\8.1\Windows Performance Toolkit\;C:\Program Files\Microsoft SQL Server\110\Tools\Binn\;C:\Program Files\nodejs\;C:\Program Files (x86)\Skype\Phone\;C:\Program Files (x86)\ATI Technologies\ATI.ACE\Core-Static;C:\Program Files\TortoiseGit\bin;C:\Program Files\Git\cmd;C:\Users\andruy94\AppData\Roaming\npm
USERNAME=andruy94
OS=Windows_NT
PROCESSOR_IDENTIFIER=Intel64 Family 6 Model 58 Stepping 9, GenuineIntel



---------------  S Y S T E M  ---------------

OS: Windows 8.1 , 64 bit Build 9600 

CPU:total 4 (4 cores per cpu, 1 threads per core) family 6 model 58 stepping 9, cmov, cx8, fxsr, mmx, sse, sse2, sse3, ssse3, sse4.1, sse4.2, popcnt, avx, aes, clmul, erms, tsc, tscinvbit, tscinv

Memory: 4k page, physical 8318060k(1320996k free), swap 9366636k(13120k free)

vm_info: Java HotSpot(TM) 64-Bit Server VM (25.31-b07) for windows-amd64 JRE (1.8.0_31-b13), built on Dec 17 2014 21:00:28 by "java_re" with MS VC++ 10.0 (VS2010)

time: Thu Aug 25 16:29:15 2016
elapsed time: 6 seconds (0d 0h 0m 6s)

