#
# There is insufficient memory for the Java Runtime Environment to continue.
# Native memory allocation (malloc) failed to allocate 91056 bytes for Chunk::new
# Possible reasons:
#   The system is out of physical RAM or swap space
#   In 32 bit mode, the process size limit was hit
# Possible solutions:
#   Reduce memory load on the system
#   Increase physical memory or swap space
#   Check if swap backing store is full
#   Use 64 bit Java on a 64 bit OS
#   Decrease Java heap size (-Xmx/-Xms)
#   Decrease number of Java threads
#   Decrease Java thread stack sizes (-Xss)
#   Set larger code cache with -XX:ReservedCodeCacheSize=
# This output file may be truncated or incomplete.
#
#  Out of Memory Error (allocation.cpp:390), pid=7996, tid=10568
#
# JRE version: Java(TM) SE Runtime Environment (8.0_31-b13) (build 1.8.0_31-b13)
# Java VM: Java HotSpot(TM) 64-Bit Server VM (25.31-b07 mixed mode windows-amd64 compressed oops)
# Failed to write core dump. Minidumps are not enabled by default on client versions of Windows
#

---------------  T H R E A D  ---------------

Current thread (0x000000001522d800):  JavaThread "C2 CompilerThread0" daemon [_thread_in_native, id=10568, stack(0x0000000016790000,0x0000000016890000)]

Stack: [0x0000000016790000,0x0000000016890000]
Native frames: (J=compiled Java code, j=interpreted, Vv=VM code, C=native code)
V  [jvm.dll+0x3169ba]
V  [jvm.dll+0x2674c3]
V  [jvm.dll+0x268103]
V  [jvm.dll+0x25f8f5]
V  [jvm.dll+0xbf025]
V  [jvm.dll+0xbf4cc]
V  [jvm.dll+0x45df82]
V  [jvm.dll+0x49f21f]
V  [jvm.dll+0x453401]
V  [jvm.dll+0x454124]
V  [jvm.dll+0x437c62]
V  [jvm.dll+0x988e2]
V  [jvm.dll+0x990d3]
V  [jvm.dll+0x22c194]
V  [jvm.dll+0x28576a]
C  [msvcr100.dll+0x21d9f]
C  [msvcr100.dll+0x21e3b]
C  [KERNEL32.DLL+0x18102]
C  [ntdll.dll+0x5c5b4]


Current CompileTask:
C2:    226  207       4       java.lang.String::replace (127 bytes)


---------------  P R O C E S S  ---------------

Java Threads: ( => current thread )
  0x000000001528c000 JavaThread "Service Thread" daemon [_thread_blocked, id=8204, stack(0x0000000016a90000,0x0000000016b90000)]
  0x0000000015281800 JavaThread "C1 CompilerThread2" daemon [_thread_in_native, id=7040, stack(0x0000000016990000,0x0000000016a90000)]
  0x0000000015276800 JavaThread "C2 CompilerThread1" daemon [_thread_in_native, id=6652, stack(0x0000000016890000,0x0000000016990000)]
=>0x000000001522d800 JavaThread "C2 CompilerThread0" daemon [_thread_in_native, id=10568, stack(0x0000000016790000,0x0000000016890000)]
  0x000000001522c000 JavaThread "Attach Listener" daemon [_thread_blocked, id=6364, stack(0x0000000016690000,0x0000000016790000)]
  0x000000001522a800 JavaThread "Signal Dispatcher" daemon [_thread_blocked, id=8036, stack(0x0000000016590000,0x0000000016690000)]
  0x0000000002b4f000 JavaThread "Finalizer" daemon [_thread_blocked, id=4656, stack(0x0000000016490000,0x0000000016590000)]
  0x0000000002b4c000 JavaThread "Reference Handler" daemon [_thread_blocked, id=5360, stack(0x0000000016390000,0x0000000016490000)]
  0x000000000295d800 JavaThread "main" [_thread_in_Java, id=8496, stack(0x0000000002780000,0x0000000002880000)]

Other Threads:
  0x00000000151f7000 VMThread [stack: 0x0000000016290000,0x0000000016390000] [id=2316]
  0x0000000016b90800 WatcherThread [stack: 0x0000000016f90000,0x0000000017090000] [id=6100]

VM state:not at safepoint (normal execution)

VM Mutex/Monitor currently owned by a thread: None

Heap:
 PSYoungGen      total 38400K, used 13355K [0x00000000eab00000, 0x00000000ed580000, 0x0000000100000000)
  eden space 33280K, 40% used [0x00000000eab00000,0x00000000eb80ac00,0x00000000ecb80000)
  from space 5120K, 0% used [0x00000000ed080000,0x00000000ed080000,0x00000000ed580000)
  to   space 5120K, 0% used [0x00000000ecb80000,0x00000000ecb80000,0x00000000ed080000)
 ParOldGen       total 87552K, used 0K [0x00000000c0000000, 0x00000000c5580000, 0x00000000eab00000)
  object space 87552K, 0% used [0x00000000c0000000,0x00000000c0000000,0x00000000c5580000)
 Metaspace       used 3598K, capacity 4784K, committed 5120K, reserved 1058816K
  class space    used 388K, capacity 424K, committed 512K, reserved 1048576K

Card table byte_map: [0x0000000011f20000,0x0000000012130000] byte_map_base: 0x0000000011920000

Marking Bits: (ParMarkBitMap*) 0x000000005bf9d4f0
 Begin Bits: [0x0000000012690000, 0x0000000013690000)
 End Bits:   [0x0000000013690000, 0x0000000014690000)

Polling page: 0x0000000000fb0000

CodeCache: size=245760Kb used=1560Kb max_used=1567Kb free=244199Kb
 bounds [0x0000000002b60000, 0x0000000002dd0000, 0x0000000011b60000]
 total_blobs=456 nmethods=209 adapters=161
 compilation: enabled

Compilation events (10 events):
Event: 0.203 Thread 0x0000000015281800  203       3       com.android.dx.cf.direct.ClassPathOpener$3::compare (12 bytes)
Event: 0.203 Thread 0x0000000015281800 nmethod 203 0x0000000002ce1790 code [0x0000000002ce1900, 0x0000000002ce1c28]
Event: 0.203 Thread 0x0000000015281800  164       3       sun.util.calendar.ZoneInfo::getOffsetsByWall (8 bytes)
Event: 0.203 Thread 0x0000000015281800 nmethod 164 0x0000000002ce13d0 code [0x0000000002ce1540, 0x0000000002ce16c8]
Event: 0.203 Thread 0x0000000015281800  165       3       sun.util.calendar.Gregorian::getCalendarDate (7 bytes)
Event: 0.203 Thread 0x0000000015281800 nmethod 165 0x0000000002ce5110 code [0x0000000002ce5280, 0x0000000002ce5548]
Event: 0.207 Thread 0x000000001522d800 nmethod 201 0x0000000002ce7450 code [0x0000000002ce75c0, 0x0000000002ce7c98]
Event: 0.207 Thread 0x000000001522d800  207       4       java.lang.String::replace (127 bytes)
Event: 0.209 Thread 0x0000000015276800 nmethod 204 0x0000000002ce7f90 code [0x0000000002ce8100, 0x0000000002ce8778]
Event: 0.209 Thread 0x0000000015276800  209       4       java.util.regex.Pattern::compile (406 bytes)

GC Heap History (0 events):
No events

Deoptimization events (0 events):
No events

Internal exceptions (10 events):
Event: 0.168 Thread 0x000000000295d800 Exception <a 'java/security/PrivilegedActionException'> (0x00000000eada2a48) thrown at [C:\workspace\8-2-build-windows-amd64-cygwin\jdk8u31\2394\hotspot\src\share\vm\prims\jvm.cpp, line 1312]
Event: 0.168 Thread 0x000000000295d800 Exception <a 'java/security/PrivilegedActionException'> (0x00000000eada4ca0) thrown at [C:\workspace\8-2-build-windows-amd64-cygwin\jdk8u31\2394\hotspot\src\share\vm\prims\jvm.cpp, line 1312]
Event: 0.169 Thread 0x000000000295d800 Exception <a 'java/security/PrivilegedActionException'> (0x00000000eada9940) thrown at [C:\workspace\8-2-build-windows-amd64-cygwin\jdk8u31\2394\hotspot\src\share\vm\prims\jvm.cpp, line 1312]
Event: 0.169 Thread 0x000000000295d800 Exception <a 'java/security/PrivilegedActionException'> (0x00000000eadadf88) thrown at [C:\workspace\8-2-build-windows-amd64-cygwin\jdk8u31\2394\hotspot\src\share\vm\prims\jvm.cpp, line 1312]
Event: 0.169 Thread 0x000000000295d800 Exception <a 'java/security/PrivilegedActionException'> (0x00000000eadb2ce0) thrown at [C:\workspace\8-2-build-windows-amd64-cygwin\jdk8u31\2394\hotspot\src\share\vm\prims\jvm.cpp, line 1312]
Event: 0.170 Thread 0x000000000295d800 Exception <a 'java/security/PrivilegedActionException'> (0x00000000eadb74c8) thrown at [C:\workspace\8-2-build-windows-amd64-cygwin\jdk8u31\2394\hotspot\src\share\vm\prims\jvm.cpp, line 1312]
Event: 0.171 Thread 0x000000000295d800 Exception <a 'java/security/PrivilegedActionException'> (0x00000000eadbecd0) thrown at [C:\workspace\8-2-build-windows-amd64-cygwin\jdk8u31\2394\hotspot\src\share\vm\prims\jvm.cpp, line 1312]
Event: 0.172 Thread 0x000000000295d800 Exception <a 'java/security/PrivilegedActionException'> (0x00000000eadc46b8) thrown at [C:\workspace\8-2-build-windows-amd64-cygwin\jdk8u31\2394\hotspot\src\share\vm\prims\jvm.cpp, line 1312]
Event: 0.172 Thread 0x000000000295d800 Exception <a 'java/security/PrivilegedActionException'> (0x00000000eadc6a28) thrown at [C:\workspace\8-2-build-windows-amd64-cygwin\jdk8u31\2394\hotspot\src\share\vm\prims\jvm.cpp, line 1312]
Event: 0.190 Thread 0x000000000295d800 Exception <a 'java/security/PrivilegedActionException'> (0x00000000eae29778) thrown at [C:\workspace\8-2-build-windows-amd64-cygwin\jdk8u31\2394\hotspot\src\share\vm\prims\jvm.cpp, line 1312]

Events (10 events):
Event: 0.207 Thread 0x000000000295d800 DEOPT PACKING pc=0x0000000002c8e225 sp=0x000000000287ed50
Event: 0.207 Thread 0x000000000295d800 DEOPT UNPACKING pc=0x0000000002ba75bf sp=0x000000000287ea60 mode 0
Event: 0.208 Thread 0x000000000295d800 DEOPT PACKING pc=0x0000000002c8e225 sp=0x000000000287ec40
Event: 0.208 Thread 0x000000000295d800 DEOPT UNPACKING pc=0x0000000002ba75bf sp=0x000000000287e950 mode 0
Event: 0.209 Thread 0x000000000295d800 DEOPT PACKING pc=0x0000000002c8e225 sp=0x000000000287ed50
Event: 0.209 Thread 0x000000000295d800 DEOPT UNPACKING pc=0x0000000002ba75bf sp=0x000000000287ea60 mode 0
Event: 0.209 Thread 0x000000000295d800 DEOPT PACKING pc=0x0000000002c8e225 sp=0x000000000287ed50
Event: 0.209 Thread 0x000000000295d800 DEOPT UNPACKING pc=0x0000000002ba75bf sp=0x000000000287ea60 mode 0
Event: 0.209 Thread 0x000000000295d800 DEOPT PACKING pc=0x0000000002c8e225 sp=0x000000000287ec40
Event: 0.209 Thread 0x000000000295d800 DEOPT UNPACKING pc=0x0000000002ba75bf sp=0x000000000287e950 mode 0


Dynamic libraries:
0x00007ff7e0b90000 - 0x00007ff7e0bc4000 	C:\Program Files\Java\jdk1.8.0_31\bin\java.exe
0x00007ffdd07b0000 - 0x00007ffdd0971000 	C:\WINDOWS\SYSTEM32\ntdll.dll
0x00007ffdcea70000 - 0x00007ffdceb1d000 	C:\WINDOWS\system32\KERNEL32.DLL
0x00007ffdcd750000 - 0x00007ffdcd938000 	C:\WINDOWS\system32\KERNELBASE.dll
0x00007ffdceb20000 - 0x00007ffdcebc7000 	C:\WINDOWS\system32\ADVAPI32.dll
0x00007ffdce660000 - 0x00007ffdce6fd000 	C:\WINDOWS\system32\msvcrt.dll
0x00007ffdcdea0000 - 0x00007ffdcdefb000 	C:\WINDOWS\system32\sechost.dll
0x00007ffdce540000 - 0x00007ffdce65c000 	C:\WINDOWS\system32\RPCRT4.dll
0x00007ffdcdf00000 - 0x00007ffdce056000 	C:\WINDOWS\system32\USER32.dll
0x00007ffdcdcb0000 - 0x00007ffdcde36000 	C:\WINDOWS\system32\GDI32.dll
0x00007ffdc10f0000 - 0x00007ffdc1364000 	C:\WINDOWS\WinSxS\amd64_microsoft.windows.common-controls_6595b64144ccf1df_6.0.10586.494_none_a2d8b04ea53e3145\COMCTL32.dll
0x00007ffdd0530000 - 0x00007ffdd07ad000 	C:\WINDOWS\system32\combase.dll
0x00007ffdccea0000 - 0x00007ffdccf0a000 	C:\WINDOWS\system32\bcryptPrimitives.dll
0x00007ffdcebd0000 - 0x00007ffdcec0b000 	C:\WINDOWS\system32\IMM32.DLL
0x000000005b340000 - 0x000000005b412000 	C:\Program Files\Java\jdk1.8.0_31\jre\bin\msvcr100.dll
0x000000005b7c0000 - 0x000000005c01a000 	C:\Program Files\Java\jdk1.8.0_31\jre\bin\server\jvm.dll
0x00007ffdced80000 - 0x00007ffdced88000 	C:\WINDOWS\system32\PSAPI.DLL
0x00007ffdc1630000 - 0x00007ffdc1639000 	C:\WINDOWS\SYSTEM32\WSOCK32.dll
0x00007ffdcea00000 - 0x00007ffdcea6b000 	C:\WINDOWS\system32\WS2_32.dll
0x00007ffdcb4b0000 - 0x00007ffdcb4d3000 	C:\WINDOWS\SYSTEM32\WINMM.dll
0x00007ffdcb450000 - 0x00007ffdcb47c000 	C:\WINDOWS\SYSTEM32\WINMMBASE.dll
0x00007ffdcda00000 - 0x00007ffdcda43000 	C:\WINDOWS\system32\cfgmgr32.dll
0x000000005b7b0000 - 0x000000005b7bf000 	C:\Program Files\Java\jdk1.8.0_31\jre\bin\verify.dll
0x000000005b780000 - 0x000000005b7a8000 	C:\Program Files\Java\jdk1.8.0_31\jre\bin\java.dll
0x000000005b760000 - 0x000000005b776000 	C:\Program Files\Java\jdk1.8.0_31\jre\bin\zip.dll
0x00007ffdcee60000 - 0x00007ffdd03bc000 	C:\WINDOWS\system32\SHELL32.dll
0x00007ffdcd100000 - 0x00007ffdcd745000 	C:\WINDOWS\system32\windows.storage.dll
0x00007ffdcee00000 - 0x00007ffdcee52000 	C:\WINDOWS\system32\shlwapi.dll
0x00007ffdccde0000 - 0x00007ffdccdef000 	C:\WINDOWS\system32\kernel.appcore.dll
0x00007ffdcd940000 - 0x00007ffdcd9f5000 	C:\WINDOWS\system32\shcore.dll
0x00007ffdccdf0000 - 0x00007ffdcce3b000 	C:\WINDOWS\system32\powrprof.dll
0x00007ffdccdc0000 - 0x00007ffdccdd4000 	C:\WINDOWS\system32\profapi.dll
0x00007ffdb67e0000 - 0x00007ffdb696c000 	C:\WINDOWS\SYSTEM32\dbghelp.dll

VM Arguments:
jvm_args: -Djava.awt.headless=true -Xmx1024M -Dfile.encoding=windows-1251 -Duser.country=RU -Duser.language=ru -Duser.variant 
java_command: com.android.dx.command.Main --dex --force-jumbo --num-threads=4 --multi-dex --output D:\android\proj\Diplom\MyDiplomgit\MyDiplom2\app\build\intermediates\transforms\dex\free\debug\folders\1000\10\com.android.support-support-v4-21.0.3_453a23a5785aad4563da1b1f79d9366b93a4e231 D:\android\proj\Diplom\MyDiplomgit\MyDiplom2\app\build\intermediates\exploded-aar\com.android.support\support-v4\21.0.3\jars\classes.jar
java_class_path (initial): C:\Users\andruy94\AppData\Local\Android\Sdk\build-tools\23.0.3\lib\dx.jar
Launcher Type: SUN_STANDARD

Environment Variables:
PATH=C:\ProgramData\Oracle\Java\javapath;C:\Program Files (x86)\Intel\iCLS Client\;C:\Program Files\Intel\iCLS Client\;C:\WINDOWS\system32;C:\WINDOWS;C:\WINDOWS\System32\Wbem;C:\WINDOWS\System32\WindowsPowerShell\v1.0\;C:\Program Files (x86)\AMD\ATI.ACE\Core-Static;C:\Program Files\Intel\Intel(R) Management Engine Components\DAL;C:\Program Files\Intel\Intel(R) Management Engine Components\IPT;C:\Program Files (x86)\Intel\Intel(R) Management Engine Components\DAL;C:\Program Files (x86)\Intel\Intel(R) Management Engine Components\IPT;C:\Program Files (x86)\Windows Kits\8.1\Windows Performance Toolkit\;C:\Program Files\Microsoft SQL Server\110\Tools\Binn\;C:\Program Files\nodejs\;C:\Program Files (x86)\Skype\Phone\;C:\Program Files (x86)\ATI Technologies\ATI.ACE\Core-Static;C:\Program Files\TortoiseGit\bin;C:\Program Files\Git\cmd;C:\Users\andruy94\AppData\Roaming\npm
USERNAME=andruy94
OS=Windows_NT
PROCESSOR_IDENTIFIER=Intel64 Family 6 Model 58 Stepping 9, GenuineIntel



---------------  S Y S T E M  ---------------

OS: Windows 8.1 , 64 bit Build 9600 

CPU:total 4 (4 cores per cpu, 1 threads per core) family 6 model 58 stepping 9, cmov, cx8, fxsr, mmx, sse, sse2, sse3, ssse3, sse4.1, sse4.2, popcnt, avx, aes, clmul, erms, tsc, tscinvbit, tscinv

Memory: 4k page, physical 8318060k(1195388k free), swap 11488364k(4260k free)

vm_info: Java HotSpot(TM) 64-Bit Server VM (25.31-b07) for windows-amd64 JRE (1.8.0_31-b13), built on Dec 17 2014 21:00:28 by "java_re" with MS VC++ 10.0 (VS2010)

time: Fri Aug 26 17:12:29 2016
elapsed time: 0 seconds (0d 0h 0m 0s)

